<?xml version="1.0" encoding="UTF-8"?>
<!-- Generated by org.testng.reporters.JUnitReportReporter -->
<testsuite hostname="Anuja" failures="0" tests="4" name="assignment_Task3.amazonUS" time="9.239" errors="0" timestamp="2022-02-15T00:45:33 CET" skipped="0">
  <testcase classname="assignment_Task3.amazonUS" name="searchShoe" time="4.181"/>
  <system-out/>
  <testcase classname="assignment_Task3.amazonUS" name="verifySelectedShoePage" time="0.014"/>
  <system-out/>
  <testcase classname="assignment_Task3.amazonUS" name="selectShoe" time="5.035"/>
  <system-out/>
  <testcase classname="assignment_Task3.amazonUS" name="verifyShoeSelection" time="0.009"/>
  <system-out/>
</testsuite> <!-- assignment_Task3.amazonUS -->
