<?xml version="1.0" encoding="UTF-8"?>
<!-- Generated by org.testng.reporters.JUnitReportReporter -->
<testsuite hostname="Anuja" failures="0" tests="3" name="assignment_Task3.amazon_US" time="7.846" errors="0" timestamp="2022-02-15T00:03:28 CET" skipped="0">
  <testcase classname="assignment_Task3.amazon_US" name="verifySelection" time="0.008"/>
  <system-out/>
  <testcase classname="assignment_Task3.amazon_US" name="selectShoes" time="6.283"/>
  <system-out/>
  <testcase classname="assignment_Task3.amazon_US" name="searchBox" time="1.555"/>
  <system-out/>
</testsuite> <!-- assignment_Task3.amazon_US -->
