<?xml version="1.0" encoding="UTF-8"?>
<!-- Generated by org.testng.reporters.JUnitReportReporter -->
<testsuite hostname="Anuja" failures="0" tests="3" name="assignment_Task3.amazonUSSS" time="11.637" errors="0" timestamp="2022-02-15T00:33:56 CET" skipped="0">
  <testcase classname="assignment_Task3.amazonUSSS" name="selectShoe" time="6.077"/>
  <system-out/>
  <testcase classname="assignment_Task3.amazonUSSS" name="verifyShoeSelection" time="0.011"/>
  <system-out/>
  <testcase classname="assignment_Task3.amazonUSSS" name="searchShoe" time="5.549"/>
  <system-out/>
</testsuite> <!-- assignment_Task3.amazonUSSS -->
